19.06.2022, 11:34:29 - Система загадала число от 0 до 999. Угадаете число?
19.06.2022, 11:34:58 - Попытка №1. Введите число: 
19.06.2022, 11:35:01 - Система загадала число от 0 до 999. Угадаете число?
19.06.2022, 11:35:04 - Попытка №1. Введите число: 
19.06.2022, 11:58:12 - Система загадала число от 0 до 999. Угадаете число?
19.06.2022, 11:59:33 - Попытка №1. Введите число: 
19.06.2022, 16:44:37 - Система загадала число от 0 до 999. Угадаете число?
19.06.2022, 16:46:31 - Система загадала число от 0 до 999. Угадаете число?
19.06.2022, 16:49:59 - Система загадала число от 0 до 999. Угадаете число?
19.06.2022, 16:50:02 - Попытка №1. Введите число: 9
19.06.2022, 16:50:05 - Попытка №1. Введите число: 3
19.06.2022, 16:50:07 - Попытка №1. Введите число: 4
19.06.2022, 16:50:08 - Попытка №1. Введите число: 2
19.06.2022, 16:53:14 - Система загадала число от 0 до 999. Угадаете число?
19.06.2022, 16:53:15 - Попытка №1. Введите число: 3
19.06.2022, 16:53:15 - Искомое число больше, введенного: 3
19.06.2022, 16:53:17 - Попытка №1. Введите число: 2
19.06.2022, 16:53:17 - Искомое число больше, введенного: 2
19.06.2022, 16:53:18 - Попытка №1. Введите число: 4
19.06.2022, 16:53:18 - Искомое число больше, введенного: 4
19.06.2022, 16:53:23 - Попытка №1. Введите число: sa
19.06.2022, 16:53:23 - До свидания...
19.06.2022, 16:53:25 - Система загадала число от 0 до 999. Угадаете число?
19.06.2022, 16:53:26 - Попытка №1. Введите число: 2
19.06.2022, 16:53:26 - Искомое число больше, введенного: 2
19.06.2022, 16:53:27 - Попытка №1. Введите число: 4
19.06.2022, 16:53:27 - Искомое число больше, введенного: 4
19.06.2022, 16:53:31 - Попытка №1. Введите число: 891
19.06.2022, 16:53:31 - ПОЗДРАВЛЯЮ, Вы угадали число!!! Система загадала: 891
19.06.2022, 16:54:21 - Система загадала число от 0 до 999. Угадаете число?
19.06.2022, 16:54:21 - Попытка №1. Введите число: s
19.06.2022, 16:54:21 - До свидания...
19.06.2022, 16:54:24 - Система загадала число от 0 до 999. Угадаете число?
19.06.2022, 16:54:25 - Попытка №1. Введите число: 3
19.06.2022, 16:54:26 - Искомое число больше, введенного: 3
19.06.2022, 16:54:27 - Попытка №1. Введите число: 2
19.06.2022, 16:54:27 - Искомое число больше, введенного: 2
19.06.2022, 16:54:27 - Попытка №1. Введите число: 3
19.06.2022, 16:54:27 - Искомое число больше, введенного: 3
19.06.2022, 16:54:30 - Попытка №1. Введите число: sx
19.06.2022, 16:54:30 - До свидания...
19.06.2022, 17:03:42 - Система загадала число от 0 до 999. Угадаете число?
19.06.2022, 17:04:13 - Система загадала число от 0 до 999. Угадаете число?
19.06.2022, 17:04:14 - Попытка №1. Введите число: 3
19.06.2022, 17:04:14 - Искомое число больше, введенного: 3
19.06.2022, 17:04:16 - Попытка №1. Введите число: 2
19.06.2022, 17:04:16 - Искомое число больше, введенного: 2
19.06.2022, 17:04:18 - Попытка №1. Введите число: 4
19.06.2022, 17:04:18 - Искомое число больше, введенного: 4
19.06.2022, 17:04:44 - Попытка №1. Введите число: zsa
19.06.2022, 17:04:44 - До свидания...
19.06.2022, 17:04:45 - Система загадала число от 0 до 999. Угадаете число?
19.06.2022, 17:04:54 - Попытка №2. Введите число: sa
19.06.2022, 17:04:54 - До свидания...
19.06.2022, 17:04:55 - Система загадала число от 0 до 999. Угадаете число?
19.06.2022, 17:04:57 - Попытка №1. Введите число: 3
19.06.2022, 17:04:57 - Искомое число больше, введенного: 3
19.06.2022, 17:04:57 - Попытка №2. Введите число: 2
19.06.2022, 17:04:57 - Искомое число больше, введенного: 2
19.06.2022, 17:04:58 - Попытка №3. Введите число: 5
19.06.2022, 17:04:58 - Искомое число больше, введенного: 5
19.06.2022, 17:04:58 - Попытка №4. Введите число: 6
19.06.2022, 17:04:58 - Искомое число больше, введенного: 6
19.06.2022, 17:05:01 - Попытка №5. Введите число: 324
19.06.2022, 17:05:01 - ПОЗДРАВЛЯЮ, Вы угадали число!!! Система загадала: 324
19.06.2022, 17:15:49 - Система загадала число от 0 до 999. Угадаете число?
19.06.2022, 17:15:49 - Попытка №1. Введите число: undefined
19.06.2022, 17:15:49 - До свидания...
19.06.2022, 17:23:47 - Система загадала число от 0 до 999. Угадаете число?
19.06.2022, 17:23:48 - Попытка №1. Введите число: 3
19.06.2022, 17:23:48 - Искомое число больше, введенного: 3
19.06.2022, 17:23:49 - Попытка №2. Введите число: 4
19.06.2022, 17:23:49 - Искомое число больше, введенного: 4
19.06.2022, 17:23:50 - Попытка №3. Введите число: 3
19.06.2022, 17:23:50 - Искомое число больше, введенного: 3
19.06.2022, 17:23:51 - Попытка №4. Введите число: d
19.06.2022, 17:23:51 - До свидания...
19.06.2022, 17:24:48 - Система загадала число от 0 до 999. Угадаете число?
19.06.2022, 17:24:49 - Попытка №1. Введите число: 4
19.06.2022, 17:24:49 - Искомое число больше, введенного: 4
19.06.2022, 17:24:50 - Попытка №2. Введите число: 5
19.06.2022, 17:24:50 - Искомое число больше, введенного: 5
19.06.2022, 17:24:53 - Попытка №3. Введите число: 3
19.06.2022, 17:24:53 - Искомое число больше, введенного: 3
19.06.2022, 17:24:55 - Попытка №4. Введите число: 6
19.06.2022, 17:24:55 - Искомое число больше, введенного: 6
19.06.2022, 17:24:58 - Попытка №5. Введите число: 567
19.06.2022, 17:24:58 - Искомое число больше, введенного: 567
19.06.2022, 17:25:03 - Попытка №6. Введите число: 990
19.06.2022, 17:25:03 - Искомое число ментше, введенного: 990
19.06.2022, 17:25:08 - Попытка №7. Введите число: 953
19.06.2022, 17:25:08 - ПОЗДРАВЛЯЮ, Вы угадали число!!! Система загадала: 953
19.06.2022, 17:26:40 - Система загадала число от 0 до 999. Угадаете число?
19.06.2022, 17:26:41 - Попытка №1. Введите число: 4
19.06.2022, 17:26:41 - Искомое число больше, введенного: 4
19.06.2022, 17:26:43 - Попытка №2. Введите число: 5
19.06.2022, 17:26:43 - Искомое число больше, введенного: 5
19.06.2022, 17:26:44 - Попытка №3. Введите число: 33
19.06.2022, 17:26:44 - Искомое число больше, введенного: 33
19.06.2022, 17:26:46 - Попытка №4. Введите число: 666
19.06.2022, 17:26:46 - Искомое число меньше, введенного: 666
19.06.2022, 17:26:48 - Попытка №5. Введите число: ку
19.06.2022, 17:26:48 - До свидания...
