19.06.2022, 11:34:29 - Система загадала число от 0 до 999. Угадаете число?
19.06.2022, 11:34:58 - Попытка №1. Введите число: 
19.06.2022, 11:35:01 - Система загадала число от 0 до 999. Угадаете число?
19.06.2022, 11:35:04 - Попытка №1. Введите число: 
19.06.2022, 11:58:12 - Система загадала число от 0 до 999. Угадаете число?
19.06.2022, 11:59:33 - Попытка №1. Введите число: 
19.06.2022, 16:44:37 - Система загадала число от 0 до 999. Угадаете число?
19.06.2022, 16:46:31 - Система загадала число от 0 до 999. Угадаете число?
19.06.2022, 16:49:59 - Система загадала число от 0 до 999. Угадаете число?
19.06.2022, 16:50:02 - Попытка №1. Введите число: 9
19.06.2022, 16:50:05 - Попытка №1. Введите число: 3
19.06.2022, 16:50:07 - Попытка №1. Введите число: 4
19.06.2022, 16:50:08 - Попытка №1. Введите число: 2
19.06.2022, 16:53:14 - Система загадала число от 0 до 999. Угадаете число?
19.06.2022, 16:53:15 - Попытка №1. Введите число: 3
19.06.2022, 16:53:15 - Искомое число больше, введенного: 3
19.06.2022, 16:53:17 - Попытка №1. Введите число: 2
19.06.2022, 16:53:17 - Искомое число больше, введенного: 2
19.06.2022, 16:53:18 - Попытка №1. Введите число: 4
19.06.2022, 16:53:18 - Искомое число больше, введенного: 4
19.06.2022, 16:53:23 - Попытка №1. Введите число: sa
19.06.2022, 16:53:23 - До свидания...
19.06.2022, 16:53:25 - Система загадала число от 0 до 999. Угадаете число?
19.06.2022, 16:53:26 - Попытка №1. Введите число: 2
19.06.2022, 16:53:26 - Искомое число больше, введенного: 2
19.06.2022, 16:53:27 - Попытка №1. Введите число: 4
19.06.2022, 16:53:27 - Искомое число больше, введенного: 4
19.06.2022, 16:53:31 - Попытка №1. Введите число: 891
19.06.2022, 16:53:31 - ПОЗДРАВЛЯЮ, Вы угадали число!!! Система загадала: 891
19.06.2022, 16:54:21 - Система загадала число от 0 до 999. Угадаете число?
19.06.2022, 16:54:21 - Попытка №1. Введите число: s
19.06.2022, 16:54:21 - До свидания...
19.06.2022, 16:54:24 - Система загадала число от 0 до 999. Угадаете число?
19.06.2022, 16:54:25 - Попытка №1. Введите число: 3
19.06.2022, 16:54:26 - Искомое число больше, введенного: 3
19.06.2022, 16:54:27 - Попытка №1. Введите число: 2
19.06.2022, 16:54:27 - Искомое число больше, введенного: 2
19.06.2022, 16:54:27 - Попытка №1. Введите число: 3
19.06.2022, 16:54:27 - Искомое число больше, введенного: 3
19.06.2022, 16:54:30 - Попытка №1. Введите число: sx
19.06.2022, 16:54:30 - До свидания...
